<?xml version="1.0" encoding="UTF-8"?>
<!-- Generated by org.testng.reporters.JUnitReportReporter -->
<testsuite hostname="huseyincakiroglu" failures="0" tests="5" name="test.secondTest" time="0.012" errors="0" timestamp="2022-09-07T16:12:20 TRT" skipped="0">
  <testcase classname="test.secondTest" name="test1" time="0.001"/>
  <system-out/>
  <testcase classname="test.secondTest" name="test1" time="0.001"/>
  <system-out/>
  <testcase classname="test.secondTest" name="test1" time="0.007"/>
  <system-out/>
  <testcase classname="test.secondTest" name="test3" time="0.002"/>
  <system-out/>
  <testcase classname="test.secondTest" name="test4" time="0.001"/>
  <system-out/>
</testsuite> <!-- test.secondTest -->
